<?xml version="1.0" encoding="UTF-8"?>
<!-- Generated by org.testng.reporters.JUnitReportReporter -->
<testsuite skipped="1" hostname="DESKTOP-BR1N9H3" name="DataDriven.DDTExcel" tests="1" failures="0" timestamp="2019-08-31T20:26:55 EDT" time="0.000" errors="0">
  <testcase name="DemoProject" time="0.000" classname="DataDriven.DDTExcel">
    <skipped/>
  </testcase> <!-- DemoProject -->
</testsuite> <!-- DataDriven.DDTExcel -->
